<?xml version="1.0" encoding="UTF-8"?>
<testsuite xmlns:xsi="http://www.w3.org/2001/XMLSchema-instance" xsi:noNamespaceSchemaLocation="https://maven.apache.org/surefire/maven-surefire-plugin/xsd/surefire-test-report-3.0.xsd" version="3.0" name="TestSuite" time="21.873" tests="6" errors="0" skipped="0" failures="0">
  <properties>
[...]
</properties>
  <testcase name="createTcNewUserTest[public void abound.apitests.UserTests.createTcNewUserTest(java.lang.reflect.Method)](1)" classname="abound.apitests.UserTests" time="11.007">
    <system-out><![CDATA[Mobile number generated is --->+18156977363
UserSignupTcRequest(mobileNumber=+18156977363)
UserSignupTcResponse{messageId= 'a351e488-117c-420c-8fa2-4a0dd8eb8c1d' ,  success = 'true'}
]]></system-out>
    <system-err><![CDATA[log4j:WARN No appenders could be found for logger (org.apache.http.impl.conn.BasicClientConnectionManager).
log4j:WARN Please initialize the log4j system properly.
log4j:WARN See http://logging.apache.org/log4j/1.2/faq.html#noconfig for more info.
]]></system-err>
  </testcase>
  <testcase name="userOtpTest[public void abound.apitests.UserOtpVerifyTests.userOtpTest(java.lang.reflect.Method)](1)" classname="abound.apitests.UserOtpVerifyTests" time="1.544">
    <system-out><![CDATA[UserOtpTcRequest(messageId=a351e488-117c-420c-8fa2-4a0dd8eb8c1d, mobileNumber=+18156977363, otp=123456, verifyOtpLogin=LOGIN)
UserOtpTcResponse{message= 'Mobile number verified' ,  token = '1956a2516740b92a93bc87e3246de48f:cee84a8f178e26db272a7e63a1974c88:ba3f2adea47b86b0d408de3f7e4d922c'}
]]></system-out>
  </testcase>
  <testcase name="createPublicTokenTest[public void abound.apitests.TokenCreateAndBankAdd.createPublicTokenTest(java.lang.reflect.Method)](1)" classname="abound.apitests.TokenCreateAndBankAdd" time="3.719">
    <system-out><![CDATA[PublicTokenCreateResponse{publicToken='public-sandbox-02cbe668-281c-4db0-97bb-b5901b06acb2', requestId='IE1U3dE4ZtJ6JBx'}
]]></system-out>
  </testcase>
  <testcase name="addBankForUser[public void abound.apitests.TokenCreateAndBankAdd.addBankForUser(java.lang.reflect.Method) throws com.fasterxml.jackson.core.JsonProcessingException](1)" classname="abound.apitests.TokenCreateAndBankAdd" time="2.022">
    <system-out><![CDATA[BankAddConflictResponse{message='There were conflicts while adding the account. Please check the status after sometime', details=[], isRewarded=false, isPending=true, bankAddRequestId='7a94bb0c-8606-41cf-8091-c13e56cc4240', success=true}
]]></system-out>
  </testcase>
  <testcase name="createLinkTokenTest[public void abound.apitests.NeobankLinkTokenTest.createLinkTokenTest(java.lang.reflect.Method)](1)" classname="abound.apitests.NeobankLinkTokenTest" time="1.505">
    <system-out><![CDATA[LinkTokenResponse{linkToken='null', expiration='null', requestId='586612024ee59464', bankAddType='null', accountsPending=false, pendingBanks='null', jwtToken='eyJhbGciOiJIUzI1NiJ9.eyJpYXQiOjE3NDg3MDg1ODYsImV4cCI6MTc0ODc5NDk4Niwic3ViIjoiZDZjY2I0ZmItYmRhOS00YjhkLTgwNTgtNmNkNzQ1ODM4Y2I2IiwicmVmcmVzaFRva2VuIjoiNGZjZmRmYjMxNmYwOGU3NTBkYzRkMmZlOGY1NzMxZDEiLCJ1c2VyU2lnblVwU3RhdHVzIjoiUkVHSVNURVJFRCIsImxheWVyMk1pZ3JhdGlvblJlcXVpcmVkIjpmYWxzZSwiYmxvY2tlZEZsb3dzIjpbIkdFVF9BQ0NPVU5UX0RFVEFJTFMiLCJHRVRfVVNFUl9ERVRBSUxTIiwiQklPTUVUUklDIiwiR0VUX0NBUkRfREVUQUlMUyIsIlVQREFURV9DQVJEX0RFVEFJTFMiLCJDUkVBVEVfU0hJUE1FTlQiLCJHRVRfU1RBVEVNRU5UUyIsIkNBUkRfQ1JFQVRJT04iLCJVUERBVEVfVVNFUl9ERVRBSUxTIiwiS1lDIiwiU1RBVElDX0RBVEEiLCJDQVNIX09VVCIsIlVQSSIsIklOSVRJQVRFX0FDSCIsIlJFTUlUVEFOQ0UiLCJBQ0NPVU5UX0NSRUFUSU9OIiwiV0VCSE9PSyIsIkdFVF9UUkFOU0FDVElPTlMiLCJTRVNTSU9OIiwiT05CT0FSRElORyJdLCJzZXNzaW9uSWQiOiJmNDI5MmJmZi00YjI0LTQyYjMtYmQ4Mi1lMTc5MjdlNjZkODciLCJlbGl0ZU1lbWJlciI6ZmFsc2UsIndhbGxldENhc2hiYWNrUmVkZW1wdGlvbkFsbG93ZWQiOmZhbHNlfQ.T7Rb6fyD712Q-iHex_eztXLnYFTPRzgUK2g58mcrWns', ssoToken='null', isUserSignedUp=false, userOptedInRemittance=false, userOptedInBanking=false, kycApproved=false, success=true}
]]></system-out>
  </testcase>
  <testcase name="neobankUserLoginTest[public void abound.apitests.NeobankUserLoginTest.neobankUserLoginTest(java.lang.reflect.Method)](1)" classname="abound.apitests.NeobankUserLoginTest" time="0.817">
    <system-out><![CDATA[UserLoginOnNeobankResponse(requestId=null, messageId=null, userSignUpStatus=null, userType=null, newUserLogin=false, layer2MigrationRequired=false, success=false)
]]></system-out>
  </testcase>
</testsuite>