<?xml version="1.0" encoding="UTF-8"?>
<testng-results ignored="8" total="14" passed="6" failed="0" skipped="0">
  <reporter-output>
  </reporter-output>
  <suite started-at="2025-05-24T07:45:13Z" name="HybridTest" finished-at="2025-05-24T07:45:51Z" duration-ms="37781">
    <groups>
    </groups>
    <test started-at="2025-05-24T07:45:13Z" name="user flow 1 " finished-at="2025-05-24T07:45:51Z" duration-ms="37781">
      <class name="abound.apitests.TokenCreateAndBankAdd">
        <test-method signature="createPublicTokenTest()[pri:0, instance:abound.apitests.TokenCreateAndBankAdd@1b083826]" started-at="2025-05-24T13:15:19Z" name="createPublicTokenTest" finished-at="2025-05-24T13:15:22Z" duration-ms="2989" status="PASS">
          <reporter-output>
          </reporter-output>
        </test-method> <!-- createPublicTokenTest -->
        <test-method is-config="true" signature="setUp()[pri:0, instance:abound.apitests.TokenCreateAndBankAdd@1b083826]" started-at="2025-05-24T13:15:19Z" name="setUp" finished-at="2025-05-24T13:15:19Z" duration-ms="0" status="PASS">
          <reporter-output>
          </reporter-output>
        </test-method> <!-- setUp -->
        <test-method is-config="true" signature="tearDown()[pri:0, instance:abound.apitests.TokenCreateAndBankAdd@1b083826]" started-at="2025-05-24T13:15:22Z" name="tearDown" finished-at="2025-05-24T13:15:22Z" duration-ms="29" status="PASS">
          <reporter-output>
          </reporter-output>
        </test-method> <!-- tearDown -->
        <test-method is-config="true" signature="setUp()[pri:0, instance:abound.apitests.TokenCreateAndBankAdd@1b083826]" started-at="2025-05-24T13:15:22Z" name="setUp" finished-at="2025-05-24T13:15:22Z" duration-ms="1" status="PASS">
          <reporter-output>
          </reporter-output>
        </test-method> <!-- setUp -->
        <test-method signature="addBankForUser()[pri:0, instance:abound.apitests.TokenCreateAndBankAdd@1b083826]" started-at="2025-05-24T13:15:22Z" name="addBankForUser" finished-at="2025-05-24T13:15:25Z" depends-on-methods="abound.apitests.TokenCreateAndBankAdd.createPublicTokenTest" duration-ms="2441" status="PASS">
          <reporter-output>
          </reporter-output>
        </test-method> <!-- addBankForUser -->
        <test-method is-config="true" signature="tearDown()[pri:0, instance:abound.apitests.TokenCreateAndBankAdd@1b083826]" started-at="2025-05-24T13:15:25Z" name="tearDown" finished-at="2025-05-24T13:15:25Z" duration-ms="73" status="PASS">
          <reporter-output>
          </reporter-output>
        </test-method> <!-- tearDown -->
      </class> <!-- abound.apitests.TokenCreateAndBankAdd -->
      <class name="abound.apitests.UserTests">
        <test-method is-config="true" signature="beforeSuite()[pri:0, instance:abound.apitests.UserTests@2890c451]" started-at="2025-05-24T13:15:13Z" name="beforeSuite" finished-at="2025-05-24T13:15:13Z" duration-ms="351" status="PASS">
          <reporter-output>
          </reporter-output>
        </test-method> <!-- beforeSuite -->
        <test-method is-config="true" signature="setUp()[pri:0, instance:abound.apitests.UserTests@2890c451]" started-at="2025-05-24T13:15:13Z" name="setUp" finished-at="2025-05-24T13:15:13Z" duration-ms="0" status="PASS">
          <reporter-output>
          </reporter-output>
        </test-method> <!-- setUp -->
        <test-method signature="createTcNewUserTest()[pri:0, instance:abound.apitests.UserTests@2890c451]" started-at="2025-05-24T13:15:13Z" name="createTcNewUserTest" finished-at="2025-05-24T13:15:18Z" duration-ms="4685" status="PASS">
          <reporter-output>
          </reporter-output>
        </test-method> <!-- createTcNewUserTest -->
        <test-method is-config="true" signature="tearDown()[pri:0, instance:abound.apitests.UserTests@2890c451]" started-at="2025-05-24T13:15:18Z" name="tearDown" finished-at="2025-05-24T13:15:18Z" duration-ms="339" status="PASS">
          <reporter-output>
          </reporter-output>
        </test-method> <!-- tearDown -->
        <test-method is-config="true" signature="afterSuite()[pri:0, instance:abound.apitests.UserTests@2890c451]" started-at="2025-05-24T13:15:51Z" name="afterSuite" finished-at="2025-05-24T13:15:51Z" duration-ms="1" status="PASS">
          <reporter-output>
          </reporter-output>
        </test-method> <!-- afterSuite -->
      </class> <!-- abound.apitests.UserTests -->
      <class name="abound.apitests.UserOtpVerifyTests">
        <test-method signature="userOtpTest()[pri:0, instance:abound.apitests.UserOtpVerifyTests@40e6dfe1]" started-at="2025-05-24T13:15:18Z" name="userOtpTest" finished-at="2025-05-24T13:15:19Z" duration-ms="1365" status="PASS">
          <reporter-output>
          </reporter-output>
        </test-method> <!-- userOtpTest -->
        <test-method is-config="true" signature="setUp()[pri:0, instance:abound.apitests.UserOtpVerifyTests@40e6dfe1]" started-at="2025-05-24T13:15:18Z" name="setUp" finished-at="2025-05-24T13:15:18Z" duration-ms="0" status="PASS">
          <reporter-output>
          </reporter-output>
        </test-method> <!-- setUp -->
        <test-method is-config="true" signature="tearDown()[pri:0, instance:abound.apitests.UserOtpVerifyTests@40e6dfe1]" started-at="2025-05-24T13:15:19Z" name="tearDown" finished-at="2025-05-24T13:15:19Z" duration-ms="15" status="PASS">
          <reporter-output>
          </reporter-output>
        </test-method> <!-- tearDown -->
      </class> <!-- abound.apitests.UserOtpVerifyTests -->
      <class name="abound.apitests.NeobankLinkTokenTest">
        <test-method is-config="true" signature="setUp()[pri:0, instance:abound.apitests.NeobankLinkTokenTest@123f1134]" started-at="2025-05-24T13:15:25Z" name="setUp" finished-at="2025-05-24T13:15:25Z" duration-ms="0" status="PASS">
          <reporter-output>
          </reporter-output>
        </test-method> <!-- setUp -->
        <test-method signature="createLinkTokenTest()[pri:0, instance:abound.apitests.NeobankLinkTokenTest@123f1134]" started-at="2025-05-24T13:15:25Z" name="createLinkTokenTest" finished-at="2025-05-24T13:15:34Z" duration-ms="8766" status="PASS">
          <reporter-output>
          </reporter-output>
        </test-method> <!-- createLinkTokenTest -->
        <test-method is-config="true" signature="tearDown()[pri:0, instance:abound.apitests.NeobankLinkTokenTest@123f1134]" started-at="2025-05-24T13:15:34Z" name="tearDown" finished-at="2025-05-24T13:15:34Z" duration-ms="59" status="PASS">
          <reporter-output>
          </reporter-output>
        </test-method> <!-- tearDown -->
      </class> <!-- abound.apitests.NeobankLinkTokenTest -->
      <class name="abound.apitests.NeobankUserLoginTest">
        <test-method is-config="true" signature="setUp()[pri:0, instance:abound.apitests.NeobankUserLoginTest@7d68ef40]" started-at="2025-05-24T13:15:34Z" name="setUp" finished-at="2025-05-24T13:15:34Z" duration-ms="0" status="PASS">
          <reporter-output>
          </reporter-output>
        </test-method> <!-- setUp -->
        <test-method signature="neobankUserLoginTest()[pri:0, instance:abound.apitests.NeobankUserLoginTest@7d68ef40]" started-at="2025-05-24T13:15:34Z" name="neobankUserLoginTest" finished-at="2025-05-24T13:15:51Z" duration-ms="16940" status="PASS">
          <reporter-output>
          </reporter-output>
        </test-method> <!-- neobankUserLoginTest -->
        <test-method is-config="true" signature="tearDown()[pri:0, instance:abound.apitests.NeobankUserLoginTest@7d68ef40]" started-at="2025-05-24T13:15:51Z" name="tearDown" finished-at="2025-05-24T13:15:51Z" duration-ms="59" status="PASS">
          <reporter-output>
          </reporter-output>
        </test-method> <!-- tearDown -->
      </class> <!-- abound.apitests.NeobankUserLoginTest -->
    </test> <!-- user flow 1  -->
  </suite> <!-- HybridTest -->
</testng-results>
