<?xml version="1.0" encoding="UTF-8"?>
<testng-results ignored="8" total="14" passed="6" failed="0" skipped="0">
  <reporter-output>
  </reporter-output>
  <suite started-at="2025-05-31T16:22:48Z" name="HybridTest" finished-at="2025-05-31T16:23:09Z" duration-ms="21061">
    <groups>
    </groups>
    <test started-at="2025-05-31T16:22:48Z" name="user flow 1 " finished-at="2025-05-31T16:23:09Z" duration-ms="21061">
      <class name="abound.apitests.TokenCreateAndBankAdd">
        <test-method is-config="true" signature="setUp()[pri:0, instance:abound.apitests.TokenCreateAndBankAdd@1b083826]" started-at="2025-05-31T21:53:01Z" name="setUp" finished-at="2025-05-31T21:53:01Z" duration-ms="0" status="PASS">
          <reporter-output>
          </reporter-output>
        </test-method> <!-- setUp -->
        <test-method signature="createPublicTokenTest(java.lang.reflect.Method)[pri:0, instance:abound.apitests.TokenCreateAndBankAdd@1b083826]" started-at="2025-05-31T21:53:01Z" name="createPublicTokenTest" finished-at="2025-05-31T21:53:05Z" duration-ms="3716" status="PASS">
          <params>
            <param index="0">
              <value>
                <![CDATA[public void abound.apitests.TokenCreateAndBankAdd.createPublicTokenTest(java.lang.reflect.Method)]]>
              </value>
            </param>
          </params>
          <reporter-output>
          </reporter-output>
        </test-method> <!-- createPublicTokenTest -->
        <test-method is-config="true" signature="tearDown()[pri:0, instance:abound.apitests.TokenCreateAndBankAdd@1b083826]" started-at="2025-05-31T21:53:05Z" name="tearDown" finished-at="2025-05-31T21:53:05Z" duration-ms="29" status="PASS">
          <reporter-output>
          </reporter-output>
        </test-method> <!-- tearDown -->
        <test-method is-config="true" signature="setUp()[pri:0, instance:abound.apitests.TokenCreateAndBankAdd@1b083826]" started-at="2025-05-31T21:53:05Z" name="setUp" finished-at="2025-05-31T21:53:05Z" duration-ms="0" status="PASS">
          <reporter-output>
          </reporter-output>
        </test-method> <!-- setUp -->
        <test-method signature="addBankForUser(java.lang.reflect.Method)[pri:0, instance:abound.apitests.TokenCreateAndBankAdd@1b083826]" started-at="2025-05-31T21:53:05Z" name="addBankForUser" finished-at="2025-05-31T21:53:07Z" depends-on-methods="abound.apitests.TokenCreateAndBankAdd.createPublicTokenTest" duration-ms="2019" status="PASS">
          <params>
            <param index="0">
              <value>
                <![CDATA[public void abound.apitests.TokenCreateAndBankAdd.addBankForUser(java.lang.reflect.Method) throws com.fasterxml.jackson.core.JsonProcessingException]]>
              </value>
            </param>
          </params>
          <reporter-output>
          </reporter-output>
        </test-method> <!-- addBankForUser -->
        <test-method is-config="true" signature="tearDown()[pri:0, instance:abound.apitests.TokenCreateAndBankAdd@1b083826]" started-at="2025-05-31T21:53:07Z" name="tearDown" finished-at="2025-05-31T21:53:07Z" duration-ms="17" status="PASS">
          <reporter-output>
          </reporter-output>
        </test-method> <!-- tearDown -->
      </class> <!-- abound.apitests.TokenCreateAndBankAdd -->
      <class name="abound.apitests.UserTests">
        <test-method is-config="true" signature="beforeSuite()[pri:0, instance:abound.apitests.UserTests@2890c451]" started-at="2025-05-31T21:52:48Z" name="beforeSuite" finished-at="2025-05-31T21:52:48Z" duration-ms="343" status="PASS">
          <reporter-output>
          </reporter-output>
        </test-method> <!-- beforeSuite -->
        <test-method signature="createTcNewUserTest(java.lang.reflect.Method)[pri:0, instance:abound.apitests.UserTests@2890c451]" started-at="2025-05-31T21:52:48Z" name="createTcNewUserTest" finished-at="2025-05-31T21:52:59Z" duration-ms="11008" status="PASS">
          <params>
            <param index="0">
              <value>
                <![CDATA[public void abound.apitests.UserTests.createTcNewUserTest(java.lang.reflect.Method)]]>
              </value>
            </param>
          </params>
          <reporter-output>
          </reporter-output>
        </test-method> <!-- createTcNewUserTest -->
        <test-method is-config="true" signature="setUp()[pri:0, instance:abound.apitests.UserTests@2890c451]" started-at="2025-05-31T21:52:48Z" name="setUp" finished-at="2025-05-31T21:52:48Z" duration-ms="0" status="PASS">
          <reporter-output>
          </reporter-output>
        </test-method> <!-- setUp -->
        <test-method is-config="true" signature="tearDown()[pri:0, instance:abound.apitests.UserTests@2890c451]" started-at="2025-05-31T21:52:59Z" name="tearDown" finished-at="2025-05-31T21:52:59Z" duration-ms="347" status="PASS">
          <reporter-output>
          </reporter-output>
        </test-method> <!-- tearDown -->
        <test-method is-config="true" signature="afterSuite()[pri:0, instance:abound.apitests.UserTests@2890c451]" started-at="2025-05-31T21:53:09Z" name="afterSuite" finished-at="2025-05-31T21:53:09Z" duration-ms="3" status="PASS">
          <reporter-output>
          </reporter-output>
        </test-method> <!-- afterSuite -->
      </class> <!-- abound.apitests.UserTests -->
      <class name="abound.apitests.UserOtpVerifyTests">
        <test-method is-config="true" signature="setUp()[pri:0, instance:abound.apitests.UserOtpVerifyTests@40e6dfe1]" started-at="2025-05-31T21:52:59Z" name="setUp" finished-at="2025-05-31T21:52:59Z" duration-ms="0" status="PASS">
          <reporter-output>
          </reporter-output>
        </test-method> <!-- setUp -->
        <test-method signature="userOtpTest(java.lang.reflect.Method)[pri:0, instance:abound.apitests.UserOtpVerifyTests@40e6dfe1]" started-at="2025-05-31T21:52:59Z" name="userOtpTest" finished-at="2025-05-31T21:53:01Z" duration-ms="1541" status="PASS">
          <params>
            <param index="0">
              <value>
                <![CDATA[public void abound.apitests.UserOtpVerifyTests.userOtpTest(java.lang.reflect.Method)]]>
              </value>
            </param>
          </params>
          <reporter-output>
          </reporter-output>
        </test-method> <!-- userOtpTest -->
        <test-method is-config="true" signature="tearDown()[pri:0, instance:abound.apitests.UserOtpVerifyTests@40e6dfe1]" started-at="2025-05-31T21:53:01Z" name="tearDown" finished-at="2025-05-31T21:53:01Z" duration-ms="20" status="PASS">
          <reporter-output>
          </reporter-output>
        </test-method> <!-- tearDown -->
      </class> <!-- abound.apitests.UserOtpVerifyTests -->
      <class name="abound.apitests.NeobankLinkTokenTest">
        <test-method signature="createLinkTokenTest(java.lang.reflect.Method)[pri:0, instance:abound.apitests.NeobankLinkTokenTest@123f1134]" started-at="2025-05-31T21:53:07Z" name="createLinkTokenTest" finished-at="2025-05-31T21:53:08Z" duration-ms="1501" status="PASS">
          <params>
            <param index="0">
              <value>
                <![CDATA[public void abound.apitests.NeobankLinkTokenTest.createLinkTokenTest(java.lang.reflect.Method)]]>
              </value>
            </param>
          </params>
          <reporter-output>
          </reporter-output>
        </test-method> <!-- createLinkTokenTest -->
        <test-method is-config="true" signature="setUp()[pri:0, instance:abound.apitests.NeobankLinkTokenTest@123f1134]" started-at="2025-05-31T21:53:07Z" name="setUp" finished-at="2025-05-31T21:53:07Z" duration-ms="0" status="PASS">
          <reporter-output>
          </reporter-output>
        </test-method> <!-- setUp -->
        <test-method is-config="true" signature="tearDown()[pri:0, instance:abound.apitests.NeobankLinkTokenTest@123f1134]" started-at="2025-05-31T21:53:08Z" name="tearDown" finished-at="2025-05-31T21:53:08Z" duration-ms="15" status="PASS">
          <reporter-output>
          </reporter-output>
        </test-method> <!-- tearDown -->
      </class> <!-- abound.apitests.NeobankLinkTokenTest -->
      <class name="abound.apitests.NeobankUserLoginTest">
        <test-method is-config="true" signature="setUp()[pri:0, instance:abound.apitests.NeobankUserLoginTest@7d68ef40]" started-at="2025-05-31T21:53:08Z" name="setUp" finished-at="2025-05-31T21:53:08Z" duration-ms="0" status="PASS">
          <reporter-output>
          </reporter-output>
        </test-method> <!-- setUp -->
        <test-method signature="neobankUserLoginTest(java.lang.reflect.Method)[pri:0, instance:abound.apitests.NeobankUserLoginTest@7d68ef40]" started-at="2025-05-31T21:53:08Z" name="neobankUserLoginTest" finished-at="2025-05-31T21:53:09Z" duration-ms="815" status="PASS">
          <params>
            <param index="0">
              <value>
                <![CDATA[public void abound.apitests.NeobankUserLoginTest.neobankUserLoginTest(java.lang.reflect.Method)]]>
              </value>
            </param>
          </params>
          <reporter-output>
          </reporter-output>
        </test-method> <!-- neobankUserLoginTest -->
        <test-method is-config="true" signature="tearDown()[pri:0, instance:abound.apitests.NeobankUserLoginTest@7d68ef40]" started-at="2025-05-31T21:53:09Z" name="tearDown" finished-at="2025-05-31T21:53:09Z" duration-ms="15" status="PASS">
          <reporter-output>
          </reporter-output>
        </test-method> <!-- tearDown -->
      </class> <!-- abound.apitests.NeobankUserLoginTest -->
    </test> <!-- user flow 1  -->
  </suite> <!-- HybridTest -->
</testng-results>
