<?xml version="1.0" encoding="UTF-8"?>
<testsuite xmlns:xsi="http://www.w3.org/2001/XMLSchema-instance" xsi:noNamespaceSchemaLocation="https://maven.apache.org/surefire/maven-surefire-plugin/xsd/surefire-test-report-3.0.xsd" version="3.0" name="TestSuite" time="14.513" tests="6" errors="0" skipped="0" failures="0">
  <properties>
[...]
</properties>
  <testcase name="createTcNewUserTest" classname="abound.apitests.UserTests" time="4.191">
    <system-out><![CDATA[Mobile number generated is --->+18156977765
{"message_id":"066a9491-0d51-487b-a97a-d65890176de5","signed_up_user":false,"force_logout":false,"mobile_verification_otp_sent":false,"referral_user":false,"sync_required":false,"fall_back_active":false,"success":true}
UserSignupTcResponse{messageId= '066a9491-0d51-487b-a97a-d65890176de5' ,  success = 'true'}
]]></system-out>
    <system-err><![CDATA[log4j:WARN No appenders could be found for logger (org.apache.http.impl.conn.BasicClientConnectionManager).
log4j:WARN Please initialize the log4j system properly.
log4j:WARN See http://logging.apache.org/log4j/1.2/faq.html#noconfig for more info.
]]></system-err>
  </testcase>
  <testcase name="userOtpTest" classname="abound.apitests.UserOtpVerifyTests" time="1.411">
    <system-out><![CDATA[UserOtpTcResponse{message= 'Mobile number verified' ,  token = '8122ecf0e8a3dfbbd36d13b64aa30796:5085b5659f655374c4a9cec531e1a22b:ba3f2adea47b86b0d408de3f7e4d922c'}
]]></system-out>
  </testcase>
  <testcase name="createPublicTokenTest" classname="abound.apitests.TokenCreateAndBankAdd" time="2.953">
    <system-out><![CDATA[PublicTokenCreateResponse{publicToken='public-sandbox-7ffa191a-d3b4-4ee7-8089-0627e79e6d42', requestId='7cGKr2Y1ZtUMueW'}
]]></system-out>
  </testcase>
  <testcase name="addBankForUser" classname="abound.apitests.TokenCreateAndBankAdd" time="2.019">
    <system-out><![CDATA[BankAddConflictResponse{message='There were conflicts while adding the account. Please check the status after sometime', details=[], isRewarded=false, isPending=true, bankAddRequestId='2f5fe0da-c7fc-49b8-830b-3879254c7395', success=true}
]]></system-out>
  </testcase>
  <testcase name="createLinkTokenTest" classname="abound.apitests.NeobankLinkTokenTest" time="1.605">
    <system-out><![CDATA[LinkTokenResponse{linkToken='5c4de6afe9ec82086e438d5d0125f2c5', expiration='null', requestId='9ae7ab69c88db8b9', bankAddType='null', accountsPending=false, pendingBanks='null', jwtToken='null', ssoToken='0d959c4694c833e61a7f39aa62072858', isUserSignedUp=false, userOptedInRemittance=false, userOptedInBanking=false, kycApproved=false, success=true}
]]></system-out>
  </testcase>
  <testcase name="neobankUserLoginTest" classname="abound.apitests.NeobankUserLoginTest" time="0.984">
    <system-out><![CDATA[UserLoginOnNeobankResponse(requestId=null, messageId=null, userSignUpStatus=null, userType=null, newUserLogin=false, layer2MigrationRequired=false, success=false)
]]></system-out>
  </testcase>
</testsuite>