<?xml version="1.0" encoding="UTF-8"?>
<!-- Generated by org.testng.reporters.JUnitXMLReporter -->
<testsuite ignored="8" hostname="TILLT-kzl8K15Uj" failures="0" tests="6" name="user flow 1 " time="37.781" errors="0" timestamp="24 May 2025 07:45:51 GMT">
  <testcase classname="abound.apitests.UserTests" name="createTcNewUserTest" time="4.685"/>
  <testcase classname="abound.apitests.UserOtpVerifyTests" name="userOtpTest" time="1.365"/>
  <testcase classname="abound.apitests.TokenCreateAndBankAdd" name="createPublicTokenTest" time="2.989"/>
  <testcase classname="abound.apitests.TokenCreateAndBankAdd" name="addBankForUser" time="2.441"/>
  <testcase classname="abound.apitests.NeobankLinkTokenTest" name="createLinkTokenTest" time="8.766"/>
  <testcase classname="abound.apitests.NeobankUserLoginTest" name="neobankUserLoginTest" time="16.94"/>
  <testcase classname="abound.core.BaseTest" name="@AfterSuite afterSuite" time="0.0">
    <ignored/>
  </testcase> <!-- @AfterSuite afterSuite -->
  <testcase classname="abound.core.BaseTest" name="@AfterSuite afterSuite" time="0.0">
    <ignored/>
  </testcase> <!-- @AfterSuite afterSuite -->
  <testcase classname="abound.core.BaseTest" name="@AfterSuite afterSuite" time="0.0">
    <ignored/>
  </testcase> <!-- @AfterSuite afterSuite -->
  <testcase classname="abound.core.BaseTest" name="@AfterSuite afterSuite" time="0.0">
    <ignored/>
  </testcase> <!-- @AfterSuite afterSuite -->
  <testcase classname="abound.core.BaseTest" name="@BeforeSuite beforeSuite" time="0.0">
    <ignored/>
  </testcase> <!-- @BeforeSuite beforeSuite -->
  <testcase classname="abound.core.BaseTest" name="@BeforeSuite beforeSuite" time="0.0">
    <ignored/>
  </testcase> <!-- @BeforeSuite beforeSuite -->
  <testcase classname="abound.core.BaseTest" name="@BeforeSuite beforeSuite" time="0.0">
    <ignored/>
  </testcase> <!-- @BeforeSuite beforeSuite -->
  <testcase classname="abound.core.BaseTest" name="@BeforeSuite beforeSuite" time="0.0">
    <ignored/>
  </testcase> <!-- @BeforeSuite beforeSuite -->
</testsuite> <!-- user flow 1  -->
