<?xml version="1.0" encoding="UTF-8"?>
<!-- Generated by org.testng.reporters.JUnitXMLReporter -->
<testsuite ignored="8" hostname="TILLT-kzl8K15Uj" failures="0" tests="6" name="user flow 1 " time="13.641" errors="0" timestamp="23 May 2025 19:54:46 GMT">
  <testcase classname="abound.apitests.UserTests" name="createTcNewUserTest" time="4.193"/>
  <testcase classname="abound.apitests.UserOtpVerifyTests" name="userOtpTest" time="1.408"/>
  <testcase classname="abound.apitests.TokenCreateAndBankAdd" name="createPublicTokenTest" time="2.949"/>
  <testcase classname="abound.apitests.TokenCreateAndBankAdd" name="addBankForUser" time="2.017"/>
  <testcase classname="abound.apitests.NeobankLinkTokenTest" name="createLinkTokenTest" time="1.601"/>
  <testcase classname="abound.apitests.NeobankUserLoginTest" name="neobankUserLoginTest" time="0.982"/>
  <testcase classname="abound.core.BaseTest" name="@AfterSuite afterSuite" time="0.0">
    <ignored/>
  </testcase> <!-- @AfterSuite afterSuite -->
  <testcase classname="abound.core.BaseTest" name="@AfterSuite afterSuite" time="0.0">
    <ignored/>
  </testcase> <!-- @AfterSuite afterSuite -->
  <testcase classname="abound.core.BaseTest" name="@AfterSuite afterSuite" time="0.0">
    <ignored/>
  </testcase> <!-- @AfterSuite afterSuite -->
  <testcase classname="abound.core.BaseTest" name="@AfterSuite afterSuite" time="0.0">
    <ignored/>
  </testcase> <!-- @AfterSuite afterSuite -->
  <testcase classname="abound.core.BaseTest" name="@BeforeSuite beforeSuite" time="0.0">
    <ignored/>
  </testcase> <!-- @BeforeSuite beforeSuite -->
  <testcase classname="abound.core.BaseTest" name="@BeforeSuite beforeSuite" time="0.0">
    <ignored/>
  </testcase> <!-- @BeforeSuite beforeSuite -->
  <testcase classname="abound.core.BaseTest" name="@BeforeSuite beforeSuite" time="0.0">
    <ignored/>
  </testcase> <!-- @BeforeSuite beforeSuite -->
  <testcase classname="abound.core.BaseTest" name="@BeforeSuite beforeSuite" time="0.0">
    <ignored/>
  </testcase> <!-- @BeforeSuite beforeSuite -->
</testsuite> <!-- user flow 1  -->
